#
# There is insufficient memory for the Java Runtime Environment to continue.
# Native memory allocation (malloc) failed to allocate 1048576 bytes for AllocateHeap
# Possible reasons:
#   The system is out of physical RAM or swap space
#   The process is running with CompressedOops enabled, and the Java Heap may be blocking the growth of the native heap
# Possible solutions:
#   Reduce memory load on the system
#   Increase physical memory or swap space
#   Check if swap backing store is full
#   Decrease Java heap size (-Xmx/-Xms)
#   Decrease number of Java threads
#   Decrease Java thread stack sizes (-Xss)
#   Set larger code cache with -XX:ReservedCodeCacheSize=
#   JVM is running with Unscaled Compressed Oops mode in which the Java heap is
#     placed in the first 4GB address space. The Java Heap base address is the
#     maximum limit for the native heap growth. Please use -XX:HeapBaseMinAddress
#     to set the Java Heap base and to place the Java Heap above 4GB virtual address.
# This output file may be truncated or incomplete.
#
#  Out of Memory Error (memory/allocation.inline.hpp:61), pid=1192, tid=0x00000000000034e8
#
# JRE version:  (8.0_251-b08) (build )
# Java VM: Java HotSpot(TM) 64-Bit Server VM (25.251-b08 mixed mode windows-amd64 compressed oops)
# Failed to write core dump. Minidumps are not enabled by default on client versions of Windows
#

---------------  T H R E A D  ---------------

Current thread (0x000000000257b000):  JavaThread "Unknown thread" [_thread_in_vm, id=13544, stack(0x0000000002470000,0x0000000002570000)]

Stack: [0x0000000002470000,0x0000000002570000]
[error occurred during error reporting (printing stack bounds), id 0xc0000005]

Native frames: (J=compiled Java code, j=interpreted, Vv=VM code, C=native code)


---------------  P R O C E S S  ---------------

Java Threads: ( => current thread )

Other Threads:

=>0x000000000257b000 (exited) JavaThread "Unknown thread" [_thread_in_vm, id=13544, stack(0x0000000002470000,0x0000000002570000)]

VM state:not at safepoint (normal execution)

VM Mutex/Monitor currently owned by a thread: None

heap address: 0x00000000c1e00000, size: 994 MB, Compressed Oops mode: 32-bit
Narrow klass base: 0x0000000000000000, Narrow klass shift: 3
Compressed class space size: 1073741824 Address: 0x0000000100000000

Heap:
 PSYoungGen      total 18944K, used 327K [0x00000000eb500000, 0x00000000eca00000, 0x0000000100000000)
  eden space 16384K, 2% used [0x00000000eb500000,0x00000000eb551ec8,0x00000000ec500000)
  from space 2560K, 0% used [0x00000000ec780000,0x00000000ec780000,0x00000000eca00000)
  to   space 2560K, 0% used [0x00000000ec500000,0x00000000ec500000,0x00000000ec780000)
 ParOldGen       total 44032K, used 0K [0x00000000c1e00000, 0x00000000c4900000, 0x00000000eb500000)
  object space 44032K, 0% used [0x00000000c1e00000,0x00000000c1e00000,0x00000000c4900000)
 Metaspace       used 752K, capacity 4480K, committed 4480K, reserved 1056768K
  class space    used 76K, capacity 384K, committed 384K, reserved 1048576K

Card table byte_map: [0x0000000011a30000,0x0000000011c30000] byte_map_base: 0x0000000011421000

Marking Bits: (ParMarkBitMap*) 0x00000000548faf90
 Begin Bits: [0x0000000012180000, 0x0000000013108000)
 End Bits:   [0x0000000013108000, 0x0000000014090000)

Polling page: 0x0000000000980000

CodeCache: size=245760Kb used=328Kb max_used=328Kb free=245431Kb
 bounds [0x0000000002670000, 0x00000000028e0000, 0x0000000011670000]
 total_blobs=58 nmethods=0 adapters=38
 compilation: enabled

Compilation events (0 events):
No events

GC Heap History (0 events):
No events

Deoptimization events (0 events):
No events

Classes redefined (0 events):
No events

Internal exceptions (0 events):
No events

Events (10 events):
Event: 0.051 loading class java/lang/Short
Event: 0.051 loading class java/lang/Short done
Event: 0.051 loading class java/lang/Integer
Event: 0.051 loading class java/lang/Integer done
Event: 0.051 loading class java/lang/Long
Event: 0.052 loading class java/lang/Long done
Event: 0.052 loading class java/lang/NullPointerException
Event: 0.053 loading class java/lang/NullPointerException done
Event: 0.053 loading class java/lang/ArithmeticException
Event: 0.053 loading class java/lang/ArithmeticException done


Dynamic libraries:
0x00007ff615740000 - 0x00007ff615777000 	C:\Program Files (x86)\Common Files\Oracle\Java\javapath\java.exe
0x00007ff98a5e0000 - 0x00007ff98a7d0000 	C:\WINDOWS\SYSTEM32\ntdll.dll
0x00007ff989b30000 - 0x00007ff989be2000 	C:\WINDOWS\System32\KERNEL32.DLL
0x00007ff987c40000 - 0x00007ff987ee5000 	C:\WINDOWS\System32\KERNELBASE.dll
0x00007ff985310000 - 0x00007ff98539f000 	C:\WINDOWS\SYSTEM32\apphelp.dll
0x00007ff9896e0000 - 0x00007ff989783000 	C:\WINDOWS\System32\ADVAPI32.dll
0x00007ff9892b0000 - 0x00007ff98934e000 	C:\WINDOWS\System32\msvcrt.dll
0x00007ff989350000 - 0x00007ff9893e7000 	C:\WINDOWS\System32\sechost.dll
0x00007ff989a10000 - 0x00007ff989b2f000 	C:\WINDOWS\System32\RPCRT4.dll
0x00007ff989870000 - 0x00007ff989a04000 	C:\WINDOWS\System32\USER32.dll
0x00007ff987970000 - 0x00007ff987991000 	C:\WINDOWS\System32\win32u.dll
0x00007ff989280000 - 0x00007ff9892a6000 	C:\WINDOWS\System32\GDI32.dll
0x00007ff987aa0000 - 0x00007ff987c38000 	C:\WINDOWS\System32\gdi32full.dll
0x00007ff987560000 - 0x00007ff9875fe000 	C:\WINDOWS\System32\msvcp_win.dll
0x00007ff9879a0000 - 0x00007ff987a9a000 	C:\WINDOWS\System32\ucrtbase.dll
0x00007ff968a70000 - 0x00007ff968cf4000 	C:\WINDOWS\WinSxS\amd64_microsoft.windows.common-controls_6595b64144ccf1df_6.0.18362.1316_none_9e7a364fe461dbd7\COMCTL32.dll
0x00007ff988ca0000 - 0x00007ff988fd7000 	C:\WINDOWS\System32\combase.dll
0x00007ff9876b0000 - 0x00007ff987731000 	C:\WINDOWS\System32\bcryptPrimitives.dll
0x00007ff9893f0000 - 0x00007ff98941e000 	C:\WINDOWS\System32\IMM32.DLL
0x0000000054980000 - 0x0000000054a52000 	C:\Program Files\Java\jre1.8.0_251\bin\msvcr100.dll
0x00000000540d0000 - 0x000000005497b000 	C:\Program Files\Java\jre1.8.0_251\bin\server\jvm.dll
0x00007ff98a590000 - 0x00007ff98a598000 	C:\WINDOWS\System32\PSAPI.DLL
0x00007ff981500000 - 0x00007ff981509000 	C:\WINDOWS\SYSTEM32\WSOCK32.dll
0x00007ff989670000 - 0x00007ff9896df000 	C:\WINDOWS\System32\WS2_32.dll
0x00007ff983e30000 - 0x00007ff983e54000 	C:\WINDOWS\SYSTEM32\WINMM.dll
0x00007ff979ae0000 - 0x00007ff979aea000 	C:\WINDOWS\SYSTEM32\VERSION.dll
0x00007ff983e00000 - 0x00007ff983e2d000 	C:\WINDOWS\SYSTEM32\WINMMBASE.dll
0x00007ff987660000 - 0x00007ff9876aa000 	C:\WINDOWS\System32\cfgmgr32.dll
0x00007ff981470000 - 0x00007ff98147f000 	C:\Program Files\Java\jre1.8.0_251\bin\verify.dll
0x00007ff965230000 - 0x00007ff965259000 	C:\Program Files\Java\jre1.8.0_251\bin\java.dll
0x00007ff965210000 - 0x00007ff965226000 	C:\Program Files\Java\jre1.8.0_251\bin\zip.dll

VM Arguments:
java_command: App 63531
java_class_path (initial): c:\Users\tarcr\.vscode\extensions\adamvoss.vscode-languagetool-3.8.0\lib\languagetool-languageserver\build\install\languagetool-languageserver\bin\..\lib\annotations-12.0.jar;c:\Users\tarcr\.vscode\extensions\adamvoss.vscode-languagetool-3.8.0\lib\languagetool-languageserver\build\install\languagetool-languageserver\bin\..\lib\autolink-0.6.0.jar;c:\Users\tarcr\.vscode\extensions\adamvoss.vscode-languagetool-3.8.0\lib\languagetool-languageserver\build\install\languagetool-languageserver\bin\..\lib\berkeleylm-1.1.2.jar;c:\Users\tarcr\.vscode\extensions\adamvoss.vscode-languagetool-3.8.0\lib\languagetool-languageserver\build\install\languagetool-languageserver\bin\..\lib\commons-lang3-3.5.jar;c:\Users\tarcr\.vscode\extensions\adamvoss.vscode-languagetool-3.8.0\lib\languagetool-languageserver\build\install\languagetool-languageserver\bin\..\lib\commons-logging-1.2.jar;c:\Users\tarcr\.vscode\extensions\adamvoss.vscode-languagetool-3.8.0\lib\languagetool-languageserver\build\install\languagetool-languageserver\bin\..\lib\flexmark-0.19.1.jar;c:\Users\tarcr\.vscode\extensions\adamvoss.vscode-languagetool-3.8.0\lib\languagetool-languageserver\build\install\languagetool-languageserver\bin\..\lib\flexmark-all-0.19.1.jar;c:\Users\tarcr\.vscode\extensions\adamvoss.vscode-languagetool-3.8.0\lib\languagetool-languageserver\build\install\languagetool-languageserver\bin\..\lib\flexmark-ext-abbreviation-0.19.1.jar;c:\Users\tarcr\.vscode\extensions\adamvoss.vscode-languagetool-3.8.0\lib\languagetool-languageserver\build\install\languagetool-languageserver\bin\..\lib\flexmark-ext-anchorlink-0.19.1.jar;c:\Users\tarcr\.vscode\extensions\adamvoss.vscode-languagetool-3.8.0\lib\languagetool-languageserver\build\install\languagetool-languageserver\bin\..\lib\flexmark-ext-aside-0.19.1.jar;c:\Users\tarcr\.vscode\extensions\adamvoss.vscode-languagetool-3.8.0\lib\languagetool-languageserver\build\install\languagetool-languageserver\bin\..\lib\flexmark-ext-autolink-0.
Launcher Type: SUN_STANDARD

Environment Variables:
CLASSPATH=c:\Users\tarcr\.vscode\extensions\adamvoss.vscode-languagetool-3.8.0\lib\languagetool-languageserver\build\install\languagetool-languageserver\bin\..\lib\*;c:\Users\tarcr\.vscode\extensions\adamvoss.vscode-languagetool-fr-3.8.0\lib\*
PATH=C:\Program Files (x86)\Common Files\Oracle\Java\javapath;C:\ProgramData\Oracle\Java\javapath;C:\Program Files (x86)\Common Files\Intel\Shared Libraries\redist\intel64_win\compiler;C:\Program Files (x86)\Intel\iCLS Client\;C:\Program Files\Intel\iCLS Client\;C:\WINDOWS\system32;C:\WINDOWS;C:\WINDOWS\System32\Wbem;C:\WINDOWS\System32\WindowsPowerShell\v1.0\;C:\Program Files (x86)\Intel\Intel(R) Management Engine Components\DAL;C:\Program Files\Intel\Intel(R) Management Engine Components\DAL;C:\Program Files (x86)\Intel\Intel(R) Management Engine Components\IPT;C:\Program Files\Intel\Intel(R) Management Engine Components\IPT;C:\WINDOWS\System32\OpenSSH\;C:\Program Files\nodejs\;C:\Users\tarcr\AppData\Local\Programs\Python\Python39\Scripts\;C:\Users\tarcr\AppData\Local\Programs\Python\Python39\;C:\Users\tarcr\.windows-build-tools\python27\;C:\Users\tarcr\AppData\Local\Microsoft\WindowsApps;;C:\Users\tarcr\AppData\Local\Programs\Microsoft VS Code\bin;C:\Program Files\JetBrains\PyCharm Community Edition 2020.1.3\bin;C:\Users\tarcr\AppData\Roaming\npm
USERNAME=tarcr
OS=Windows_NT
PROCESSOR_IDENTIFIER=Intel64 Family 6 Model 142 Stepping 9, GenuineIntel



---------------  S Y S T E M  ---------------

OS: Windows 10.0 , 64 bit Build 18362 (10.0.18362.1316)

CPU:total 4 (initial active 4) (2 cores per cpu, 2 threads per core) family 6 model 142 stepping 9, cmov, cx8, fxsr, mmx, sse, sse2, sse3, ssse3, sse4.1, sse4.2, popcnt, avx, avx2, aes, clmul, erms, 3dnowpref, lzcnt, ht, tsc, tscinvbit, bmi1, bmi2, adx

Memory: 4k page, physical 4068580k(683008k free), swap 5493988k(5196k free)

vm_info: Java HotSpot(TM) 64-Bit Server VM (25.251-b08) for windows-amd64 JRE (1.8.0_251-b08), built on Mar 12 2020 06:31:49 by "" with MS VC++ 10.0 (VS2010)

time: Wed Feb 10 19:48:29 2021
timezone: Amér. du Sud occid.
elapsed time: 0 seconds (0d 0h 0m 0s)

